<?xml version="1.0" encoding="UTF-8"?>
<testsuite name="TestSuite" time="10.396" tests="7" errors="0" skipped="0" failures="2">
  <properties>
[...]
</properties>
  <testcase name="infoForRow" classname="WeatherTest" time="1.947"/>
  <testcase name="test" classname="WeatherTest" time="0.001"/>
  <testcase name="verifyCellText" classname="WeatherTest" time="1.304">
    <failure message="expected [true] but found [false]" type="java.lang.AssertionError">java.lang.AssertionError: expected [true] but found [false]
	at org.testng.Assert.fail(Assert.java:94)
	at org.testng.Assert.failNotEquals(Assert.java:513)
	at org.testng.Assert.assertTrue(Assert.java:42)
	at org.testng.Assert.assertTrue(Assert.java:52)
	at WeatherTest.verifyCellText(WeatherTest.java:66)
</failure>
    <system-out><![CDATA[EXPECTED TEXT : РЇСЃРЅРѕ.
Р‘РµР· РѕСЃР°РґРєРѕРІ.
TABLE TEXT : Переменная облачность.
Без осадков.
]]></system-out>
  </testcase>
  <testcase name="verifyTableDimension" classname="WeatherTest" time="0.713">
    <failure message="expected [true] but found [false]" type="java.lang.AssertionError">java.lang.AssertionError: expected [true] but found [false]
	at org.testng.Assert.fail(Assert.java:94)
	at org.testng.Assert.failNotEquals(Assert.java:513)
	at org.testng.Assert.assertTrue(Assert.java:42)
	at org.testng.Assert.assertTrue(Assert.java:52)
	at WeatherTest.verifyTableDimension(WeatherTest.java:54)
</failure>
  </testcase>
  <testcase name="getPageLoadTimeTest" classname="WebStorageTest" time="5.413"/>
  <testcase name="testHTML5LocalStorage" classname="WebStorageTest" time="0.723"/>
  <testcase name="testHTML5sessionStorage" classname="WebStorageTest" time="0.295"/>
</testsuite>