<?xml version="1.0" encoding="UTF-8"?>
<testng-results skipped="0" failed="0" total="2" passed="2">
  <reporter-output>
  </reporter-output>
  <suite name="Surefire suite" duration-ms="16820" started-at="2016-09-09T12:11:54Z" finished-at="2016-09-09T12:12:11Z">
    <groups>
    </groups>
    <test name="Surefire test" duration-ms="16820" started-at="2016-09-09T12:11:54Z" finished-at="2016-09-09T12:12:11Z">
      <class name="WeatherTest">
        <test-method status="PASS" signature="setUp()[pri:0, instance:WeatherTest@71391b3f]" name="setUp" is-config="true" duration-ms="9469" started-at="2016-09-09T14:11:54Z" finished-at="2016-09-09T14:12:03Z">
          <reporter-output>
          </reporter-output>
        </test-method> <!-- setUp -->
        <test-method status="PASS" signature="contactUsErrorMessageTest()[pri:0, instance:WeatherTest@71391b3f]" name="contactUsErrorMessageTest" duration-ms="3670" started-at="2016-09-09T14:12:04Z" finished-at="2016-09-09T14:12:07Z">
          <reporter-output>
          </reporter-output>
        </test-method> <!-- contactUsErrorMessageTest -->
        <test-method status="PASS" signature="contactUsSuccessMessageTest()[pri:0, instance:WeatherTest@71391b3f]" name="contactUsSuccessMessageTest" duration-ms="2734" started-at="2016-09-09T14:12:07Z" finished-at="2016-09-09T14:12:10Z">
          <reporter-output>
          </reporter-output>
        </test-method> <!-- contactUsSuccessMessageTest -->
        <test-method status="PASS" signature="teardown()[pri:0, instance:WeatherTest@71391b3f]" name="teardown" is-config="true" duration-ms="552" started-at="2016-09-09T14:12:10Z" finished-at="2016-09-09T14:12:11Z">
          <reporter-output>
          </reporter-output>
        </test-method> <!-- teardown -->
      </class> <!-- WeatherTest -->
    </test> <!-- Surefire test -->
  </suite> <!-- Surefire suite -->
</testng-results>
